e:\ruanjianbao\vs2012\vso\vs\v\fastdpm-2015-nov\fastdpm-2014-may\debug\vc120.pdb
e:\ruanjianbao\vs2012\vso\vs\v\fastdpm-2015-nov\fastdpm-2014-may\debug\vc120.idb
e:\ruanjianbao\vs2012\vso\vs\v\fastdpm-2015-nov\fastdpm-2014-may\debug\clipboxes.obj
e:\ruanjianbao\vs2012\vso\vs\v\fastdpm-2015-nov\fastdpm-2014-may\debug\cvpermutate.obj
e:\ruanjianbao\vs2012\vso\vs\v\fastdpm-2015-nov\fastdpm-2014-may\debug\detections_trees2.obj
e:\ruanjianbao\vs2012\vso\vs\v\fastdpm-2015-nov\fastdpm-2014-may\debug\draw_img.obj
e:\ruanjianbao\vs2012\vso\vs\v\fastdpm-2015-nov\fastdpm-2014-may\debug\fconv.obj
e:\ruanjianbao\vs2012\vso\vs\v\fastdpm-2015-nov\fastdpm-2014-may\debug\featpyramid.obj
e:\ruanjianbao\vs2012\vso\vs\v\fastdpm-2015-nov\fastdpm-2014-may\debug\featpyramid2.obj
e:\ruanjianbao\vs2012\vso\vs\v\fastdpm-2015-nov\fastdpm-2014-may\debug\features.obj
e:\ruanjianbao\vs2012\vso\vs\v\fastdpm-2015-nov\fastdpm-2014-may\debug\features14_2.obj
e:\ruanjianbao\vs2012\vso\vs\v\fastdpm-2015-nov\fastdpm-2014-may\debug\flipfeat.obj
e:\ruanjianbao\vs2012\vso\vs\v\fastdpm-2015-nov\fastdpm-2014-may\debug\get_score_size.obj
e:\ruanjianbao\vs2012\vso\vs\v\fastdpm-2015-nov\fastdpm-2014-may\debug\load_model.obj
e:\ruanjianbao\vs2012\vso\vs\v\fastdpm-2015-nov\fastdpm-2014-may\debug\loc_feat.obj
e:\ruanjianbao\vs2012\vso\vs\v\fastdpm-2015-nov\fastdpm-2014-may\debug\model_get_block.obj
e:\ruanjianbao\vs2012\vso\vs\v\fastdpm-2015-nov\fastdpm-2014-may\debug\nms.obj
e:\ruanjianbao\vs2012\vso\vs\v\fastdpm-2015-nov\fastdpm-2014-may\debug\parse_detections.obj
e:\ruanjianbao\vs2012\vso\vs\v\fastdpm-2015-nov\fastdpm-2014-may\debug\pdollar_nms.obj
e:\ruanjianbao\vs2012\vso\vs\v\fastdpm-2015-nov\fastdpm-2014-may\debug\reduceboxes.obj
e:\ruanjianbao\vs2012\vso\vs\v\fastdpm-2015-nov\fastdpm-2014-may\debug\sum_score.obj
e:\ruanjianbao\vs2012\vso\vs\v\fastdpm-2015-nov\fastdpm-2014-may\debug\yuind2sub.obj
e:\ruanjianbao\vs2012\vso\vs\v\fastdpm-2015-nov\fastdpm-2014-may\debug\fastdpm.obj
e:\ruanjianbao\vs2012\vso\vs\v\fastdpm-2015-nov\fastdpm-2014-may\debug\loadpyramid.obj
e:\ruanjianbao\vs2012\vso\vs\v\fastdpm-2015-nov\fastdpm-2014-may\debug\main.obj
e:\ruanjianbao\vs2012\vso\vs\v\fastdpm-2015-nov\fastdpm-2014-may\debug\yustddirfiles.obj
e:\ruanjianbao\vs2012\vso\vs\v\fastdpm-2015-nov\fastdpm-2014-may\debug\cvprint.obj
e:\ruanjianbao\vs2012\vso\vs\v\fastdpm-2015-nov\fastdpm-2014-may\debug\getcurrenttime.obj
e:\ruanjianbao\vs2012\vso\vs\v\fastdpm-2015-nov\fastdpm-2014-may\debug\yusavemat.obj
e:\ruanjianbao\vs2012\vso\vs\v\fastdpm-2015-nov\fastdpm-2014-may\debug\analyze_model.obj
e:\ruanjianbao\vs2012\vso\vs\v\fastdpm-2015-nov\fastdpm-2014-may\debug\apply_rules.obj
e:\ruanjianbao\vs2012\vso\vs\v\fastdpm-2015-nov\fastdpm-2014-may\debug\apply_rules2.obj
e:\ruanjianbao\vs2012\vso\vs\v\fastdpm-2015-nov\fastdpm-2014-may\debug\apply_rules3.obj
e:\ruanjianbao\vs2012\vso\vs\v\fastdpm-2015-nov\fastdpm-2014-may\debug\bboxpred_get.obj
e:\ruanjianbao\vs2012\vso\vs\v\fastdpm-2015-nov\fastdpm-2014-may\debug\bboxpred_input.obj
e:\ruanjianbao\vs2012\vso\vs\v\fastdpm-2015-nov\fastdpm-2014-may\debug\bounded_dt.obj
e:\ruanjianbao\vs2012\vso\vs\v\fastdpm-2015-nov\fastdpm-2014-may\debug\bounded_dt2.obj
e:\ruanjianbao\vs2012\vso\vs\v\fastdpm-2015-nov\fastdpm-2014-may\debug\fastdpm-2014-may.tlog\cl.command.1.tlog
e:\ruanjianbao\vs2012\vso\vs\v\fastdpm-2015-nov\fastdpm-2014-may\debug\fastdpm-2014-may.tlog\cl.read.1.tlog
e:\ruanjianbao\vs2012\vso\vs\v\fastdpm-2015-nov\fastdpm-2014-may\debug\fastdpm-2014-may.tlog\cl.write.1.tlog
e:\ruanjianbao\vs2012\vso\vs\v\fastdpm-2015-nov\fastdpm-2014-may\debug\fastdpm-2014-may.tlog\link.command.1.tlog
e:\ruanjianbao\vs2012\vso\vs\v\fastdpm-2015-nov\fastdpm-2014-may\debug\fastdpm-2014-may.tlog\link.read.1.tlog
e:\ruanjianbao\vs2012\vso\vs\v\fastdpm-2015-nov\fastdpm-2014-may\debug\fastdpm-2014-may.tlog\link.write.1.tlog
