f:\objectdetection\dpm\yxp\fastdpm-2015-nov - dll\fastdpm-2014-may\release\vc120.pdb
f:\objectdetection\dpm\yxp\fastdpm-2015-nov - dll\fastdpm-2014-may\release\fconv.obj
f:\objectdetection\dpm\yxp\fastdpm-2015-nov - dll\fastdpm-2014-may\release\draw_img.obj
f:\objectdetection\dpm\yxp\fastdpm-2015-nov - dll\fastdpm-2014-may\release\detections_trees2.obj
f:\objectdetection\dpm\yxp\fastdpm-2015-nov - dll\fastdpm-2014-may\release\cvpermutate.obj
f:\objectdetection\dpm\yxp\fastdpm-2015-nov - dll\fastdpm-2014-may\release\clipboxes.obj
f:\objectdetection\dpm\yxp\fastdpm-2015-nov - dll\fastdpm-2014-may\release\bounded_dt2.obj
f:\objectdetection\dpm\yxp\fastdpm-2015-nov - dll\fastdpm-2014-may\release\bounded_dt.obj
f:\objectdetection\dpm\yxp\fastdpm-2015-nov - dll\fastdpm-2014-may\release\bboxpred_input.obj
f:\objectdetection\dpm\yxp\fastdpm-2015-nov - dll\fastdpm-2014-may\release\bboxpred_get.obj
f:\objectdetection\dpm\yxp\fastdpm-2015-nov - dll\fastdpm-2014-may\release\apply_rules3.obj
f:\objectdetection\dpm\yxp\fastdpm-2015-nov - dll\fastdpm-2014-may\release\apply_rules2.obj
f:\objectdetection\dpm\yxp\fastdpm-2015-nov - dll\fastdpm-2014-may\release\apply_rules.obj
f:\objectdetection\dpm\yxp\fastdpm-2015-nov - dll\fastdpm-2014-may\release\analyze_model.obj
f:\objectdetection\dpm\yxp\fastdpm-2015-nov - dll\fastdpm-2014-may\release\yusavemat.obj
f:\objectdetection\dpm\yxp\fastdpm-2015-nov - dll\fastdpm-2014-may\release\getcurrenttime.obj
f:\objectdetection\dpm\yxp\fastdpm-2015-nov - dll\fastdpm-2014-may\release\cvprint.obj
f:\objectdetection\dpm\yxp\fastdpm-2015-nov - dll\fastdpm-2014-may\release\yustddirfiles.obj
f:\objectdetection\dpm\yxp\fastdpm-2015-nov - dll\fastdpm-2014-may\release\main.obj
f:\objectdetection\dpm\yxp\fastdpm-2015-nov - dll\fastdpm-2014-may\release\loadpyramid.obj
f:\objectdetection\dpm\yxp\fastdpm-2015-nov - dll\fastdpm-2014-may\release\fastdpm.obj
f:\objectdetection\dpm\yxp\fastdpm-2015-nov - dll\fastdpm-2014-may\release\yuind2sub.obj
f:\objectdetection\dpm\yxp\fastdpm-2015-nov - dll\fastdpm-2014-may\release\sum_score.obj
f:\objectdetection\dpm\yxp\fastdpm-2015-nov - dll\fastdpm-2014-may\release\reduceboxes.obj
f:\objectdetection\dpm\yxp\fastdpm-2015-nov - dll\fastdpm-2014-may\release\pdollar_nms.obj
f:\objectdetection\dpm\yxp\fastdpm-2015-nov - dll\fastdpm-2014-may\release\parse_detections.obj
f:\objectdetection\dpm\yxp\fastdpm-2015-nov - dll\fastdpm-2014-may\release\nms.obj
f:\objectdetection\dpm\yxp\fastdpm-2015-nov - dll\fastdpm-2014-may\release\model_get_block.obj
f:\objectdetection\dpm\yxp\fastdpm-2015-nov - dll\fastdpm-2014-may\release\loc_feat.obj
f:\objectdetection\dpm\yxp\fastdpm-2015-nov - dll\fastdpm-2014-may\release\load_model.obj
f:\objectdetection\dpm\yxp\fastdpm-2015-nov - dll\fastdpm-2014-may\release\get_score_size.obj
f:\objectdetection\dpm\yxp\fastdpm-2015-nov - dll\fastdpm-2014-may\release\flipfeat.obj
f:\objectdetection\dpm\yxp\fastdpm-2015-nov - dll\fastdpm-2014-may\release\features14_2.obj
f:\objectdetection\dpm\yxp\fastdpm-2015-nov - dll\fastdpm-2014-may\release\features.obj
f:\objectdetection\dpm\yxp\fastdpm-2015-nov - dll\fastdpm-2014-may\release\featpyramid2.obj
f:\objectdetection\dpm\yxp\fastdpm-2015-nov - dll\fastdpm-2014-may\release\featpyramid.obj
f:\objectdetection\dpm\yxp\fastdpm-2015-nov - dll\release\fastdpm-2014-may.lib
f:\objectdetection\dpm\yxp\fastdpm-2015-nov - dll\release\fastdpm-2014-may.exp
f:\objectdetection\dpm\yxp\fastdpm-2015-nov - dll\release\fastdpm-2014-may.dll
f:\objectdetection\dpm\yxp\fastdpm-2015-nov - dll\release\fastdpm-2014-may.pdb
f:\objectdetection\dpm\yxp\fastdpm-2015-nov - dll\fastdpm-2014-may\release\fastdpm-2014-may.tlog\cl.command.1.tlog
f:\objectdetection\dpm\yxp\fastdpm-2015-nov - dll\fastdpm-2014-may\release\fastdpm-2014-may.tlog\cl.read.1.tlog
f:\objectdetection\dpm\yxp\fastdpm-2015-nov - dll\fastdpm-2014-may\release\fastdpm-2014-may.tlog\cl.write.1.tlog
f:\objectdetection\dpm\yxp\fastdpm-2015-nov - dll\fastdpm-2014-may\release\fastdpm-2014-may.tlog\fastdpm-2014-may.write.1u.tlog
f:\objectdetection\dpm\yxp\fastdpm-2015-nov - dll\fastdpm-2014-may\release\fastdpm-2014-may.tlog\link.command.1.tlog
f:\objectdetection\dpm\yxp\fastdpm-2015-nov - dll\fastdpm-2014-may\release\fastdpm-2014-may.tlog\link.read.1.tlog
f:\objectdetection\dpm\yxp\fastdpm-2015-nov - dll\fastdpm-2014-may\release\fastdpm-2014-may.tlog\link.write.1.tlog
